<?xml version="1.0" encoding="UTF-8"?>
<!-- Generated by org.testng.reporters.JUnitReportReporter -->
<testsuite skipped="0" hostname="DESKTOP-8FU55Q9" name="pages.HomePage" tests="1" failures="0" timestamp="05 Sep 2020 21:42:15 GMT" time="13.538" errors="0">
  <testcase name="launchHomePage" time="13.538" classname="pages.HomePage"/>
</testsuite> <!-- pages.HomePage -->
