<?xml version="1.0" encoding="UTF-8"?>
<!-- Generated by org.testng.reporters.JUnitReportReporter -->
<testsuite skipped="0" hostname="DESKTOP-8FU55Q9" name="com.Keno.KenoProject.HomePage" tests="2" failures="0" timestamp="05 Sep 2020 07:31:06 GMT" time="13.744" errors="0">
  <testcase name="selectState" time="3.179" classname="com.Keno.KenoProject.HomePage"/>
  <testcase name="launchHomePage" time="10.565" classname="com.Keno.KenoProject.HomePage"/>
</testsuite> <!-- com.Keno.KenoProject.HomePage -->
