<?xml version="1.0" encoding="UTF-8"?>
<!-- Generated by org.testng.reporters.JUnitReportReporter -->
<testsuite skipped="0" hostname="DESKTOP-8FU55Q9" name="tests.CheckResultsPageTest" tests="1" failures="0" timestamp="06 Sep 2020 02:03:01 GMT" time="11.369" errors="0">
  <testcase name="checkResultsPageLoad" time="11.369" classname="tests.CheckResultsPageTest"/>
</testsuite> <!-- tests.CheckResultsPageTest -->
