<?xml version="1.0" encoding="UTF-8"?>
<!-- Generated by org.testng.reporters.JUnitReportReporter -->
<testsuite skipped="0" hostname="DESKTOP-8FU55Q9" name="pages.Dashboard" tests="1" failures="0" timestamp="06 Sep 2020 00:08:16 GMT" time="5.108" errors="0">
  <testcase name="verifyDashboardLogo" time="5.108" classname="pages.Dashboard"/>
</testsuite> <!-- pages.Dashboard -->
