<?xml version="1.0" encoding="UTF-8"?>
<!-- Generated by org.testng.reporters.JUnitReportReporter -->
<testsuite skipped="0" hostname="DESKTOP-8FU55Q9" name="tests.WatchLiveDrawTest" tests="1" failures="0" timestamp="06 Sep 2020 02:03:01 GMT" time="5.582" errors="0">
  <testcase name="checkWatchLiveDraw" time="5.582" classname="tests.WatchLiveDrawTest"/>
</testsuite> <!-- tests.WatchLiveDrawTest -->
