<?xml version="1.0" encoding="UTF-8"?>
<!-- Generated by org.testng.reporters.JUnitReportReporter -->
<testsuite skipped="0" hostname="DESKTOP-8FU55Q9" name="tests.LaunchHomeAndDashboard" tests="1" failures="0" timestamp="06 Sep 2020 01:12:34 GMT" time="22.038" errors="0">
  <testcase name="launchHomePageAndDashboard" time="22.038" classname="tests.LaunchHomeAndDashboard"/>
</testsuite> <!-- tests.LaunchHomeAndDashboard -->
