<?xml version="1.0" encoding="UTF-8"?>
<!-- Generated by org.testng.reporters.JUnitReportReporter -->
<testsuite skipped="0" hostname="DESKTOP-8FU55Q9" name="tests.CheckGames" tests="1" failures="0" timestamp="06 Sep 2020 01:12:34 GMT" time="4.237" errors="0">
  <testcase name="checkGamesDropdown" time="4.237" classname="tests.CheckGames"/>
</testsuite> <!-- tests.CheckGames -->
